<?xml version="1.0" encoding="UTF-8"?>
<coverage generated="1639250049309" clover="3.2.0">
  <project timestamp="1639250049310" name="All files">
    <metrics statements="198" coveredstatements="113" conditionals="89" coveredconditionals="29" methods="30" coveredmethods="13" elements="317" coveredelements="155" complexity="0" loc="198" ncloc="198" packages="1" files="1" classes="1"/>
    <file name="script.js" path="/mnt/c/Users/hirawan/OneDrive - Verint Systems Ltd/Documents/Projects/bootcamp/projects/project1/video-poker-bootcamp/script.js">
      <metrics statements="198" coveredstatements="113" conditionals="89" coveredconditionals="29" methods="30" coveredmethods="13"/>
      <line num="1" count="1" type="stmt"/>
      <line num="3" count="1" type="stmt"/>
      <line num="4" count="1" type="stmt"/>
      <line num="6" count="1" type="stmt"/>
      <line num="7" count="1" type="stmt"/>
      <line num="8" count="1" type="stmt"/>
      <line num="15" count="1" type="cond" truecount="0" falsecount="1"/>
      <line num="16" count="0" type="stmt"/>
      <line num="17" count="0" type="stmt"/>
      <line num="18" count="0" type="stmt"/>
      <line num="27" count="1" type="stmt"/>
      <line num="28" count="0" type="stmt"/>
      <line num="30" count="0" type="stmt"/>
      <line num="31" count="0" type="stmt"/>
      <line num="32" count="0" type="stmt"/>
      <line num="34" count="0" type="stmt"/>
      <line num="35" count="0" type="stmt"/>
      <line num="36" count="0" type="stmt"/>
      <line num="38" count="0" type="stmt"/>
      <line num="39" count="0" type="stmt"/>
      <line num="41" count="0" type="stmt"/>
      <line num="47" count="1" type="stmt"/>
      <line num="48" count="0" type="stmt"/>
      <line num="49" count="0" type="stmt"/>
      <line num="50" count="0" type="stmt"/>
      <line num="51" count="0" type="stmt"/>
      <line num="53" count="0" type="stmt"/>
      <line num="54" count="0" type="stmt"/>
      <line num="61" count="1" type="stmt"/>
      <line num="62" count="0" type="stmt"/>
      <line num="63" count="0" type="stmt"/>
      <line num="64" count="0" type="stmt"/>
      <line num="72" count="1" type="stmt"/>
      <line num="73" count="0" type="cond" truecount="0" falsecount="2"/>
      <line num="74" count="0" type="stmt"/>
      <line num="76" count="0" type="stmt"/>
      <line num="84" count="1" type="stmt"/>
      <line num="85" count="0" type="stmt"/>
      <line num="93" count="1" type="stmt"/>
      <line num="100" count="1" type="stmt"/>
      <line num="101" count="0" type="stmt"/>
      <line num="104" count="0" type="stmt"/>
      <line num="106" count="0" type="stmt"/>
      <line num="108" count="0" type="stmt"/>
      <line num="110" count="0" type="stmt"/>
      <line num="112" count="0" type="stmt"/>
      <line num="113" count="0" type="stmt"/>
      <line num="116" count="0" type="stmt"/>
      <line num="123" count="1" type="stmt"/>
      <line num="124" count="0" type="stmt"/>
      <line num="125" count="0" type="stmt"/>
      <line num="126" count="0" type="cond" truecount="0" falsecount="2"/>
      <line num="127" count="0" type="stmt"/>
      <line num="129" count="0" type="stmt"/>
      <line num="138" count="1" type="stmt"/>
      <line num="140" count="0" type="stmt"/>
      <line num="142" count="0" type="stmt"/>
      <line num="144" count="0" type="stmt"/>
      <line num="147" count="0" type="stmt"/>
      <line num="149" count="0" type="stmt"/>
      <line num="154" count="0" type="stmt"/>
      <line num="156" count="0" type="stmt"/>
      <line num="157" count="0" type="stmt"/>
      <line num="160" count="0" type="cond" truecount="0" falsecount="2"/>
      <line num="161" count="0" type="stmt"/>
      <line num="162" count="0" type="stmt"/>
      <line num="163" count="0" type="cond" truecount="0" falsecount="2"/>
      <line num="164" count="0" type="stmt"/>
      <line num="165" count="0" type="stmt"/>
      <line num="166" count="0" type="cond" truecount="0" falsecount="2"/>
      <line num="167" count="0" type="stmt"/>
      <line num="168" count="0" type="stmt"/>
      <line num="169" count="0" type="cond" truecount="0" falsecount="2"/>
      <line num="170" count="0" type="stmt"/>
      <line num="171" count="0" type="stmt"/>
      <line num="174" count="0" type="stmt"/>
      <line num="175" count="0" type="cond" truecount="0" falsecount="4"/>
      <line num="176" count="0" type="stmt"/>
      <line num="181" count="0" type="stmt"/>
      <line num="191" count="0" type="stmt"/>
      <line num="196" count="0" type="stmt"/>
      <line num="204" count="1" type="stmt"/>
      <line num="206" count="3" type="stmt"/>
      <line num="207" count="3" type="stmt"/>
      <line num="210" count="3" type="stmt"/>
      <line num="211" count="10" type="stmt"/>
      <line num="212" count="10" type="stmt"/>
      <line num="215" count="10" type="cond" truecount="2" falsecount="0"/>
      <line num="216" count="2" type="stmt"/>
      <line num="219" count="8" type="stmt"/>
      <line num="223" count="10" type="cond" truecount="2" falsecount="0"/>
      <line num="224" count="4" type="stmt"/>
      <line num="227" count="6" type="stmt"/>
      <line num="231" count="3" type="stmt"/>
      <line num="239" count="1" type="stmt"/>
      <line num="240" count="3" type="stmt"/>
      <line num="241" count="3" type="cond" truecount="8" falsecount="5"/>
      <line num="253" count="1" type="stmt"/>
      <line num="254" count="3" type="stmt"/>
      <line num="255" count="3" type="cond" truecount="1" falsecount="6"/>
      <line num="266" count="1" type="stmt"/>
      <line num="267" count="3" type="stmt"/>
      <line num="268" count="3" type="cond" truecount="1" falsecount="2"/>
      <line num="277" count="3" type="stmt"/>
      <line num="284" count="1" type="stmt"/>
      <line num="285" count="9" type="stmt"/>
      <line num="286" count="9" type="cond" truecount="1" falsecount="1"/>
      <line num="288" count="0" type="stmt"/>
      <line num="289" count="0" type="stmt"/>
      <line num="290" count="0" type="cond" truecount="0" falsecount="2"/>
      <line num="293" count="0" type="stmt"/>
      <line num="301" count="1" type="stmt"/>
      <line num="302" count="3" type="stmt"/>
      <line num="303" count="3" type="cond" truecount="1" falsecount="2"/>
      <line num="312" count="1" type="stmt"/>
      <line num="313" count="3" type="stmt"/>
      <line num="314" count="3" type="cond" truecount="1" falsecount="2"/>
      <line num="323" count="6" type="cond" truecount="1" falsecount="1"/>
      <line num="330" count="1" type="stmt"/>
      <line num="331" count="3" type="stmt"/>
      <line num="332" count="3" type="cond" truecount="1" falsecount="10"/>
      <line num="346" count="1" type="stmt"/>
      <line num="347" count="3" type="stmt"/>
      <line num="349" count="3" type="cond" truecount="1" falsecount="1"/>
      <line num="350" count="0" type="cond" truecount="0" falsecount="2"/>
      <line num="352" count="3" type="cond" truecount="1" falsecount="1"/>
      <line num="353" count="3" type="cond" truecount="1" falsecount="1"/>
      <line num="354" count="3" type="cond" truecount="1" falsecount="1"/>
      <line num="355" count="3" type="cond" truecount="1" falsecount="1"/>
      <line num="356" count="3" type="cond" truecount="1" falsecount="1"/>
      <line num="357" count="3" type="cond" truecount="1" falsecount="1"/>
      <line num="358" count="3" type="cond" truecount="1" falsecount="1"/>
      <line num="359" count="3" type="cond" truecount="2" falsecount="0"/>
      <line num="361" count="2" type="stmt"/>
      <line num="368" count="1" type="stmt"/>
      <line num="369" count="0" type="stmt"/>
      <line num="370" count="0" type="stmt"/>
      <line num="372" count="0" type="stmt"/>
      <line num="373" count="0" type="stmt"/>
      <line num="374" count="0" type="stmt"/>
      <line num="382" count="1" type="stmt"/>
      <line num="383" count="0" type="stmt"/>
      <line num="384" count="0" type="cond" truecount="0" falsecount="2"/>
      <line num="385" count="0" type="stmt"/>
      <line num="386" count="0" type="stmt"/>
      <line num="388" count="0" type="stmt"/>
      <line num="393" count="0" type="stmt"/>
      <line num="395" count="0" type="stmt"/>
      <line num="398" count="1" type="stmt"/>
      <line num="404" count="1" type="stmt"/>
      <line num="406" count="1" type="stmt"/>
      <line num="409" count="1" type="stmt"/>
      <line num="412" count="1" type="stmt"/>
      <line num="413" count="1" type="stmt"/>
      <line num="414" count="1" type="stmt"/>
      <line num="415" count="1" type="stmt"/>
      <line num="418" count="1" type="stmt"/>
      <line num="419" count="1" type="stmt"/>
      <line num="420" count="1" type="stmt"/>
      <line num="421" count="1" type="stmt"/>
      <line num="424" count="1" type="stmt"/>
      <line num="425" count="1" type="stmt"/>
      <line num="426" count="1" type="stmt"/>
      <line num="427" count="1" type="stmt"/>
      <line num="430" count="1" type="stmt"/>
      <line num="431" count="1" type="stmt"/>
      <line num="434" count="1" type="stmt"/>
      <line num="435" count="5" type="stmt"/>
      <line num="436" count="5" type="stmt"/>
      <line num="440" count="5" type="stmt"/>
      <line num="444" count="0" type="stmt"/>
      <line num="447" count="5" type="stmt"/>
      <line num="450" count="1" type="stmt"/>
      <line num="453" count="1" type="stmt"/>
      <line num="454" count="1" type="stmt"/>
      <line num="457" count="1" type="stmt"/>
      <line num="458" count="1" type="stmt"/>
      <line num="459" count="1" type="stmt"/>
      <line num="460" count="1" type="stmt"/>
      <line num="461" count="0" type="stmt"/>
      <line num="462" count="0" type="stmt"/>
      <line num="464" count="1" type="stmt"/>
      <line num="467" count="1" type="stmt"/>
      <line num="468" count="1" type="stmt"/>
      <line num="469" count="1" type="stmt"/>
      <line num="470" count="1" type="stmt"/>
      <line num="471" count="1" type="stmt"/>
      <line num="474" count="1" type="stmt"/>
      <line num="475" count="1" type="stmt"/>
      <line num="476" count="1" type="stmt"/>
      <line num="477" count="1" type="stmt"/>
      <line num="478" count="1" type="stmt"/>
      <line num="480" count="1" type="stmt"/>
      <line num="482" count="1" type="stmt"/>
      <line num="488" count="1" type="stmt"/>
      <line num="489" count="1" type="stmt"/>
      <line num="490" count="1" type="stmt"/>
      <line num="493" count="1" type="stmt"/>
    </file>
  </project>
</coverage>
