<?xml version="1.0" encoding="UTF-8"?>
<coverage generated="1639329035928" clover="3.2.0">
  <project timestamp="1639329035928" name="All files">
    <metrics statements="208" coveredstatements="128" conditionals="80" coveredconditionals="58" methods="30" coveredmethods="14" elements="318" coveredelements="200" complexity="0" loc="208" ncloc="208" packages="1" files="1" classes="1"/>
    <file name="script.js" path="/mnt/c/Users/hirawan/OneDrive - Verint Systems Ltd/Documents/Projects/bootcamp/projects/project1/video-poker-bootcamp/script.js">
      <metrics statements="208" coveredstatements="128" conditionals="80" coveredconditionals="58" methods="30" coveredmethods="14"/>
      <line num="1" count="1" type="stmt"/>
      <line num="13" count="1" type="stmt"/>
      <line num="15" count="1" type="stmt"/>
      <line num="16" count="1" type="stmt"/>
      <line num="18" count="1" type="stmt"/>
      <line num="19" count="1" type="stmt"/>
      <line num="20" count="1" type="stmt"/>
      <line num="27" count="1" type="cond" truecount="0" falsecount="1"/>
      <line num="28" count="0" type="stmt"/>
      <line num="29" count="0" type="stmt"/>
      <line num="30" count="0" type="stmt"/>
      <line num="39" count="1" type="stmt"/>
      <line num="40" count="0" type="stmt"/>
      <line num="42" count="0" type="stmt"/>
      <line num="43" count="0" type="stmt"/>
      <line num="44" count="0" type="stmt"/>
      <line num="46" count="0" type="stmt"/>
      <line num="47" count="0" type="stmt"/>
      <line num="48" count="0" type="stmt"/>
      <line num="50" count="0" type="stmt"/>
      <line num="51" count="0" type="stmt"/>
      <line num="53" count="0" type="stmt"/>
      <line num="59" count="1" type="stmt"/>
      <line num="60" count="0" type="stmt"/>
      <line num="61" count="0" type="stmt"/>
      <line num="62" count="0" type="stmt"/>
      <line num="63" count="0" type="stmt"/>
      <line num="65" count="0" type="stmt"/>
      <line num="66" count="0" type="stmt"/>
      <line num="73" count="1" type="stmt"/>
      <line num="74" count="0" type="stmt"/>
      <line num="75" count="0" type="stmt"/>
      <line num="76" count="0" type="stmt"/>
      <line num="84" count="1" type="stmt"/>
      <line num="85" count="0" type="cond" truecount="0" falsecount="2"/>
      <line num="86" count="0" type="stmt"/>
      <line num="88" count="0" type="stmt"/>
      <line num="96" count="1" type="stmt"/>
      <line num="97" count="0" type="stmt"/>
      <line num="105" count="1" type="stmt"/>
      <line num="112" count="1" type="stmt"/>
      <line num="113" count="0" type="stmt"/>
      <line num="116" count="0" type="stmt"/>
      <line num="118" count="0" type="stmt"/>
      <line num="120" count="0" type="stmt"/>
      <line num="122" count="0" type="stmt"/>
      <line num="124" count="0" type="stmt"/>
      <line num="125" count="0" type="stmt"/>
      <line num="128" count="0" type="stmt"/>
      <line num="135" count="1" type="stmt"/>
      <line num="136" count="0" type="stmt"/>
      <line num="137" count="0" type="stmt"/>
      <line num="138" count="0" type="cond" truecount="0" falsecount="2"/>
      <line num="139" count="0" type="stmt"/>
      <line num="141" count="0" type="stmt"/>
      <line num="150" count="1" type="stmt"/>
      <line num="152" count="0" type="stmt"/>
      <line num="154" count="0" type="stmt"/>
      <line num="156" count="0" type="stmt"/>
      <line num="159" count="0" type="stmt"/>
      <line num="161" count="0" type="stmt"/>
      <line num="166" count="0" type="stmt"/>
      <line num="168" count="0" type="stmt"/>
      <line num="169" count="0" type="stmt"/>
      <line num="172" count="0" type="cond" truecount="0" falsecount="2"/>
      <line num="173" count="0" type="stmt"/>
      <line num="174" count="0" type="stmt"/>
      <line num="175" count="0" type="cond" truecount="0" falsecount="2"/>
      <line num="176" count="0" type="stmt"/>
      <line num="177" count="0" type="stmt"/>
      <line num="178" count="0" type="cond" truecount="0" falsecount="2"/>
      <line num="179" count="0" type="stmt"/>
      <line num="180" count="0" type="stmt"/>
      <line num="181" count="0" type="cond" truecount="0" falsecount="2"/>
      <line num="182" count="0" type="stmt"/>
      <line num="183" count="0" type="stmt"/>
      <line num="186" count="0" type="stmt"/>
      <line num="187" count="0" type="cond" truecount="0" falsecount="4"/>
      <line num="188" count="0" type="stmt"/>
      <line num="193" count="0" type="stmt"/>
      <line num="203" count="0" type="stmt"/>
      <line num="208" count="0" type="stmt"/>
      <line num="216" count="1" type="stmt"/>
      <line num="218" count="15" type="stmt"/>
      <line num="219" count="15" type="stmt"/>
      <line num="222" count="15" type="stmt"/>
      <line num="223" count="70" type="stmt"/>
      <line num="224" count="70" type="stmt"/>
      <line num="227" count="70" type="cond" truecount="2" falsecount="0"/>
      <line num="228" count="13" type="stmt"/>
      <line num="231" count="57" type="stmt"/>
      <line num="235" count="70" type="cond" truecount="2" falsecount="0"/>
      <line num="236" count="36" type="stmt"/>
      <line num="239" count="34" type="stmt"/>
      <line num="243" count="15" type="stmt"/>
      <line num="251" count="1" type="stmt"/>
      <line num="252" count="4" type="stmt"/>
      <line num="254" count="4" type="cond" truecount="2" falsecount="0"/>
      <line num="256" count="3" type="stmt"/>
      <line num="257" count="9" type="stmt"/>
      <line num="258" count="9" type="cond" truecount="5" falsecount="0"/>
      <line num="261" count="1" type="stmt"/>
      <line num="269" count="1" type="stmt"/>
      <line num="270" count="5" type="stmt"/>
      <line num="271" count="5" type="cond" truecount="5" falsecount="2"/>
      <line num="282" count="1" type="stmt"/>
      <line num="283" count="6" type="stmt"/>
      <line num="284" count="6" type="cond" truecount="3" falsecount="0"/>
      <line num="293" count="18" type="stmt"/>
      <line num="300" count="1" type="stmt"/>
      <line num="301" count="36" type="stmt"/>
      <line num="302" count="36" type="cond" truecount="2" falsecount="0"/>
      <line num="305" count="56" type="stmt"/>
      <line num="308" count="14" type="cond" truecount="2" falsecount="0"/>
      <line num="310" count="9" type="stmt"/>
      <line num="312" count="30" type="cond" truecount="2" falsecount="0"/>
      <line num="315" count="5" type="stmt"/>
      <line num="323" count="1" type="stmt"/>
      <line num="324" count="11" type="stmt"/>
      <line num="325" count="11" type="cond" truecount="2" falsecount="1"/>
      <line num="334" count="1" type="stmt"/>
      <line num="335" count="12" type="stmt"/>
      <line num="336" count="12" type="cond" truecount="3" falsecount="0"/>
      <line num="345" count="28" type="cond" truecount="2" falsecount="0"/>
      <line num="352" count="1" type="stmt"/>
      <line num="353" count="15" type="stmt"/>
      <line num="355" count="15" type="cond" truecount="2" falsecount="0"/>
      <line num="357" count="3" type="stmt"/>
      <line num="358" count="11" type="stmt"/>
      <line num="359" count="11" type="cond" truecount="4" falsecount="0"/>
      <line num="362" count="2" type="stmt"/>
      <line num="371" count="1" type="stmt"/>
      <line num="372" count="15" type="stmt"/>
      <line num="374" count="15" type="cond" truecount="2" falsecount="0"/>
      <line num="375" count="2" type="cond" truecount="2" falsecount="0"/>
      <line num="377" count="13" type="cond" truecount="2" falsecount="0"/>
      <line num="378" count="12" type="cond" truecount="2" falsecount="0"/>
      <line num="379" count="11" type="cond" truecount="2" falsecount="0"/>
      <line num="380" count="10" type="cond" truecount="2" falsecount="0"/>
      <line num="381" count="8" type="cond" truecount="2" falsecount="0"/>
      <line num="382" count="6" type="cond" truecount="2" falsecount="0"/>
      <line num="383" count="5" type="cond" truecount="2" falsecount="0"/>
      <line num="384" count="4" type="cond" truecount="2" falsecount="0"/>
      <line num="386" count="2" type="stmt"/>
      <line num="393" count="1" type="stmt"/>
      <line num="394" count="0" type="stmt"/>
      <line num="395" count="0" type="stmt"/>
      <line num="397" count="0" type="stmt"/>
      <line num="398" count="0" type="stmt"/>
      <line num="399" count="0" type="stmt"/>
      <line num="407" count="1" type="stmt"/>
      <line num="408" count="0" type="stmt"/>
      <line num="409" count="0" type="cond" truecount="0" falsecount="2"/>
      <line num="410" count="0" type="stmt"/>
      <line num="411" count="0" type="stmt"/>
      <line num="413" count="0" type="stmt"/>
      <line num="418" count="0" type="stmt"/>
      <line num="420" count="0" type="stmt"/>
      <line num="423" count="1" type="stmt"/>
      <line num="429" count="1" type="stmt"/>
      <line num="431" count="1" type="stmt"/>
      <line num="434" count="1" type="stmt"/>
      <line num="437" count="1" type="stmt"/>
      <line num="438" count="1" type="stmt"/>
      <line num="439" count="1" type="stmt"/>
      <line num="440" count="1" type="stmt"/>
      <line num="443" count="1" type="stmt"/>
      <line num="444" count="1" type="stmt"/>
      <line num="445" count="1" type="stmt"/>
      <line num="446" count="1" type="stmt"/>
      <line num="449" count="1" type="stmt"/>
      <line num="450" count="1" type="stmt"/>
      <line num="451" count="1" type="stmt"/>
      <line num="452" count="1" type="stmt"/>
      <line num="455" count="1" type="stmt"/>
      <line num="456" count="1" type="stmt"/>
      <line num="459" count="1" type="stmt"/>
      <line num="460" count="5" type="stmt"/>
      <line num="461" count="5" type="stmt"/>
      <line num="465" count="5" type="stmt"/>
      <line num="469" count="0" type="stmt"/>
      <line num="472" count="5" type="stmt"/>
      <line num="475" count="1" type="stmt"/>
      <line num="478" count="1" type="stmt"/>
      <line num="479" count="1" type="stmt"/>
      <line num="482" count="1" type="stmt"/>
      <line num="483" count="1" type="stmt"/>
      <line num="484" count="1" type="stmt"/>
      <line num="485" count="1" type="stmt"/>
      <line num="486" count="0" type="stmt"/>
      <line num="487" count="0" type="stmt"/>
      <line num="489" count="1" type="stmt"/>
      <line num="492" count="1" type="stmt"/>
      <line num="493" count="1" type="stmt"/>
      <line num="494" count="1" type="stmt"/>
      <line num="495" count="1" type="stmt"/>
      <line num="496" count="1" type="stmt"/>
      <line num="499" count="1" type="stmt"/>
      <line num="500" count="1" type="stmt"/>
      <line num="501" count="1" type="stmt"/>
      <line num="502" count="1" type="stmt"/>
      <line num="503" count="1" type="stmt"/>
      <line num="505" count="1" type="stmt"/>
      <line num="507" count="1" type="stmt"/>
      <line num="513" count="1" type="stmt"/>
      <line num="514" count="1" type="stmt"/>
      <line num="515" count="1" type="stmt"/>
      <line num="518" count="1" type="stmt"/>
    </file>
  </project>
</coverage>
