{"/mnt/c/Users/hirawan/OneDrive - Verint Systems Ltd/Documents/Projects/bootcamp/projects/project1/video-poker-bootcamp/script.js": {"path":"/mnt/c/Users/hirawan/OneDrive - Verint Systems Ltd/Documents/Projects/bootcamp/projects/project1/video-poker-bootcamp/script.js","statementMap":{"0":{"start":{"line":10,"column":22},"end":{"line":16,"column":1}},"1":{"start":{"line":11,"column":18},"end":{"line":11,"column":19}},"2":{"start":{"line":13,"column":2},"end":{"line":13,"column":49}},"3":{"start":{"line":13,"column":24},"end":{"line":13,"column":49}},"4":{"start":{"line":15,"column":2},"end":{"line":15,"column":19}},"5":{"start":{"line":18,"column":25},"end":{"line":28,"column":1}},"6":{"start":{"line":30,"column":0},"end":{"line":30,"column":31}}},"fnMap":{"0":{"name":"(anonymous_0)","decl":{"start":{"line":10,"column":22},"end":{"line":10,"column":23}},"loc":{"start":{"line":10,"column":33},"end":{"line":16,"column":1}},"line":10},"1":{"name":"(anonymous_1)","decl":{"start":{"line":18,"column":25},"end":{"line":18,"column":26}},"loc":{"start":{"line":18,"column":31},"end":{"line":28,"column":1}},"line":18}},"branchMap":{"0":{"loc":{"start":{"line":13,"column":2},"end":{"line":13,"column":49}},"type":"if","locations":[{"start":{"line":13,"column":2},"end":{"line":13,"column":49}},{"start":{},"end":{}}],"line":13}},"s":{"0":1,"1":2,"2":2,"3":1,"4":2,"5":1,"6":1},"f":{"0":2,"1":0},"b":{"0":[1,1]},"_coverageSchema":"1a1c01bbd47fc00a2c39e90264f33305004495a9","hash":"8bd63ac6fd87e50e697a9ee22e73d38a8b97a212"}
}
