{"/mnt/c/Users/hirawan/OneDrive - Verint Systems Ltd/Documents/Projects/bootcamp/projects/project1/video-poker-bootcamp/script.js": {"path":"/mnt/c/Users/hirawan/OneDrive - Verint Systems Ltd/Documents/Projects/bootcamp/projects/project1/video-poker-bootcamp/script.js","statementMap":{"0":{"start":{"line":1,"column":15},"end":{"line":11,"column":1}},"1":{"start":{"line":13,"column":12},"end":{"line":13,"column":14}},"2":{"start":{"line":15,"column":13},"end":{"line":15,"column":16}},"3":{"start":{"line":16,"column":10},"end":{"line":16,"column":11}},"4":{"start":{"line":18,"column":24},"end":{"line":18,"column":25}},"5":{"start":{"line":19,"column":16},"end":{"line":19,"column":17}},"6":{"start":{"line":20,"column":23},"end":{"line":20,"column":25}},"7":{"start":{"line":27,"column":23},"end":{"line":31,"column":1}},"8":{"start":{"line":28,"column":20},"end":{"line":28,"column":57}},"9":{"start":{"line":29,"column":2},"end":{"line":29,"column":32}},"10":{"start":{"line":30,"column":2},"end":{"line":30,"column":32}},"11":{"start":{"line":39,"column":19},"end":{"line":54,"column":1}},"12":{"start":{"line":40,"column":2},"end":{"line":40,"column":29}},"13":{"start":{"line":42,"column":15},"end":{"line":42,"column":44}},"14":{"start":{"line":43,"column":2},"end":{"line":43,"column":46}},"15":{"start":{"line":44,"column":2},"end":{"line":44,"column":40}},"16":{"start":{"line":46,"column":15},"end":{"line":46,"column":44}},"17":{"start":{"line":47,"column":2},"end":{"line":47,"column":46}},"18":{"start":{"line":48,"column":2},"end":{"line":48,"column":39}},"19":{"start":{"line":50,"column":2},"end":{"line":50,"column":32}},"20":{"start":{"line":51,"column":2},"end":{"line":51,"column":32}},"21":{"start":{"line":53,"column":2},"end":{"line":53,"column":21}},"22":{"start":{"line":59,"column":22},"end":{"line":67,"column":1}},"23":{"start":{"line":60,"column":2},"end":{"line":60,"column":39}},"24":{"start":{"line":61,"column":2},"end":{"line":61,"column":18}},"25":{"start":{"line":62,"column":2},"end":{"line":62,"column":45}},"26":{"start":{"line":63,"column":2},"end":{"line":63,"column":39}},"27":{"start":{"line":65,"column":18},"end":{"line":65,"column":52}},"28":{"start":{"line":66,"column":2},"end":{"line":66,"column":43}},"29":{"start":{"line":73,"column":19},"end":{"line":77,"column":1}},"30":{"start":{"line":74,"column":2},"end":{"line":74,"column":16}},"31":{"start":{"line":75,"column":15},"end":{"line":75,"column":46}},"32":{"start":{"line":76,"column":2},"end":{"line":76,"column":33}},"33":{"start":{"line":84,"column":17},"end":{"line":90,"column":1}},"34":{"start":{"line":85,"column":2},"end":{"line":89,"column":3}},"35":{"start":{"line":86,"column":4},"end":{"line":86,"column":41}},"36":{"start":{"line":88,"column":4},"end":{"line":88,"column":38}},"37":{"start":{"line":96,"column":18},"end":{"line":98,"column":1}},"38":{"start":{"line":97,"column":2},"end":{"line":97,"column":24}},"39":{"start":{"line":105,"column":23},"end":{"line":105,"column":63}},"40":{"start":{"line":105,"column":32},"end":{"line":105,"column":63}},"41":{"start":{"line":112,"column":21},"end":{"line":129,"column":1}},"42":{"start":{"line":113,"column":24},"end":{"line":113,"column":29}},"43":{"start":{"line":116,"column":2},"end":{"line":126,"column":3}},"44":{"start":{"line":116,"column":26},"end":{"line":116,"column":27}},"45":{"start":{"line":118,"column":24},"end":{"line":118,"column":52}},"46":{"start":{"line":120,"column":23},"end":{"line":120,"column":41}},"47":{"start":{"line":122,"column":24},"end":{"line":122,"column":43}},"48":{"start":{"line":124,"column":4},"end":{"line":124,"column":45}},"49":{"start":{"line":125,"column":4},"end":{"line":125,"column":45}},"50":{"start":{"line":128,"column":2},"end":{"line":128,"column":23}},"51":{"start":{"line":135,"column":25},"end":{"line":144,"column":1}},"52":{"start":{"line":136,"column":16},"end":{"line":136,"column":50}},"53":{"start":{"line":137,"column":2},"end":{"line":143,"column":3}},"54":{"start":{"line":137,"column":15},"end":{"line":137,"column":16}},"55":{"start":{"line":138,"column":4},"end":{"line":142,"column":5}},"56":{"start":{"line":139,"column":6},"end":{"line":139,"column":59}},"57":{"start":{"line":141,"column":6},"end":{"line":141,"column":59}},"58":{"start":{"line":150,"column":17},"end":{"line":209,"column":1}},"59":{"start":{"line":152,"column":18},"end":{"line":152,"column":20}},"60":{"start":{"line":154,"column":16},"end":{"line":154,"column":57}},"61":{"start":{"line":156,"column":22},"end":{"line":156,"column":50}},"62":{"start":{"line":159,"column":2},"end":{"line":205,"column":3}},"63":{"start":{"line":159,"column":23},"end":{"line":159,"column":24}},"64":{"start":{"line":161,"column":24},"end":{"line":161,"column":40}},"65":{"start":{"line":166,"column":4},"end":{"line":204,"column":5}},"66":{"start":{"line":166,"column":27},"end":{"line":166,"column":28}},"67":{"start":{"line":168,"column":21},"end":{"line":168,"column":37}},"68":{"start":{"line":169,"column":28},"end":{"line":169,"column":44}},"69":{"start":{"line":172,"column":6},"end":{"line":184,"column":7}},"70":{"start":{"line":173,"column":8},"end":{"line":173,"column":25}},"71":{"start":{"line":174,"column":8},"end":{"line":174,"column":30}},"72":{"start":{"line":175,"column":13},"end":{"line":184,"column":7}},"73":{"start":{"line":176,"column":8},"end":{"line":176,"column":26}},"74":{"start":{"line":177,"column":8},"end":{"line":177,"column":30}},"75":{"start":{"line":178,"column":13},"end":{"line":184,"column":7}},"76":{"start":{"line":179,"column":8},"end":{"line":179,"column":27}},"77":{"start":{"line":180,"column":8},"end":{"line":180,"column":30}},"78":{"start":{"line":181,"column":13},"end":{"line":184,"column":7}},"79":{"start":{"line":182,"column":8},"end":{"line":182,"column":26}},"80":{"start":{"line":183,"column":8},"end":{"line":183,"column":30}},"81":{"start":{"line":186,"column":23},"end":{"line":186,"column":30}},"82":{"start":{"line":187,"column":6},"end":{"line":189,"column":7}},"83":{"start":{"line":188,"column":8},"end":{"line":188,"column":27}},"84":{"start":{"line":193,"column":19},"end":{"line":200,"column":7}},"85":{"start":{"line":203,"column":6},"end":{"line":203,"column":25}},"86":{"start":{"line":208,"column":2},"end":{"line":208,"column":17}},"87":{"start":{"line":216,"column":19},"end":{"line":244,"column":1}},"88":{"start":{"line":218,"column":24},"end":{"line":218,"column":26}},"89":{"start":{"line":219,"column":24},"end":{"line":219,"column":26}},"90":{"start":{"line":222,"column":2},"end":{"line":241,"column":3}},"91":{"start":{"line":222,"column":15},"end":{"line":222,"column":16}},"92":{"start":{"line":223,"column":21},"end":{"line":223,"column":34}},"93":{"start":{"line":224,"column":21},"end":{"line":224,"column":34}},"94":{"start":{"line":227,"column":4},"end":{"line":232,"column":5}},"95":{"start":{"line":228,"column":6},"end":{"line":228,"column":35}},"96":{"start":{"line":231,"column":6},"end":{"line":231,"column":34}},"97":{"start":{"line":235,"column":4},"end":{"line":240,"column":5}},"98":{"start":{"line":236,"column":6},"end":{"line":236,"column":35}},"99":{"start":{"line":239,"column":6},"end":{"line":239,"column":34}},"100":{"start":{"line":243,"column":2},"end":{"line":243,"column":56}},"101":{"start":{"line":251,"column":18},"end":{"line":262,"column":1}},"102":{"start":{"line":252,"column":19},"end":{"line":252,"column":47}},"103":{"start":{"line":254,"column":2},"end":{"line":254,"column":42}},"104":{"start":{"line":254,"column":29},"end":{"line":254,"column":42}},"105":{"start":{"line":256,"column":2},"end":{"line":259,"column":3}},"106":{"start":{"line":256,"column":15},"end":{"line":256,"column":16}},"107":{"start":{"line":257,"column":17},"end":{"line":257,"column":32}},"108":{"start":{"line":258,"column":4},"end":{"line":258,"column":83}},"109":{"start":{"line":258,"column":71},"end":{"line":258,"column":83}},"110":{"start":{"line":261,"column":2},"end":{"line":261,"column":15}},"111":{"start":{"line":269,"column":18},"end":{"line":275,"column":1}},"112":{"start":{"line":270,"column":19},"end":{"line":270,"column":47}},"113":{"start":{"line":271,"column":2},"end":{"line":274,"column":87}},"114":{"start":{"line":282,"column":23},"end":{"line":286,"column":1}},"115":{"start":{"line":283,"column":19},"end":{"line":283,"column":47}},"116":{"start":{"line":284,"column":2},"end":{"line":285,"column":86}},"117":{"start":{"line":293,"column":16},"end":{"line":293,"column":74}},"118":{"start":{"line":293,"column":32},"end":{"line":293,"column":73}},"119":{"start":{"line":300,"column":19},"end":{"line":316,"column":1}},"120":{"start":{"line":301,"column":17},"end":{"line":301,"column":45}},"121":{"start":{"line":302,"column":2},"end":{"line":302,"column":42}},"122":{"start":{"line":302,"column":29},"end":{"line":302,"column":42}},"123":{"start":{"line":305,"column":2},"end":{"line":305,"column":56}},"124":{"start":{"line":305,"column":49},"end":{"line":305,"column":54}},"125":{"start":{"line":308,"column":2},"end":{"line":308,"column":84}},"126":{"start":{"line":308,"column":72},"end":{"line":308,"column":84}},"127":{"start":{"line":310,"column":2},"end":{"line":313,"column":3}},"128":{"start":{"line":310,"column":15},"end":{"line":310,"column":16}},"129":{"start":{"line":312,"column":4},"end":{"line":312,"column":60}},"130":{"start":{"line":312,"column":47},"end":{"line":312,"column":60}},"131":{"start":{"line":315,"column":2},"end":{"line":315,"column":14}},"132":{"start":{"line":323,"column":20},"end":{"line":327,"column":1}},"133":{"start":{"line":324,"column":19},"end":{"line":324,"column":47}},"134":{"start":{"line":325,"column":2},"end":{"line":326,"column":86}},"135":{"start":{"line":334,"column":22},"end":{"line":338,"column":1}},"136":{"start":{"line":335,"column":19},"end":{"line":335,"column":47}},"137":{"start":{"line":336,"column":2},"end":{"line":337,"column":86}},"138":{"start":{"line":345,"column":24},"end":{"line":345,"column":82}},"139":{"start":{"line":345,"column":39},"end":{"line":345,"column":82}},"140":{"start":{"line":352,"column":21},"end":{"line":363,"column":1}},"141":{"start":{"line":353,"column":19},"end":{"line":353,"column":47}},"142":{"start":{"line":355,"column":2},"end":{"line":355,"column":48}},"143":{"start":{"line":355,"column":35},"end":{"line":355,"column":48}},"144":{"start":{"line":357,"column":2},"end":{"line":360,"column":3}},"145":{"start":{"line":357,"column":15},"end":{"line":357,"column":16}},"146":{"start":{"line":358,"column":17},"end":{"line":358,"column":32}},"147":{"start":{"line":359,"column":4},"end":{"line":359,"column":50}},"148":{"start":{"line":359,"column":37},"end":{"line":359,"column":50}},"149":{"start":{"line":362,"column":2},"end":{"line":362,"column":14}},"150":{"start":{"line":371,"column":22},"end":{"line":387,"column":1}},"151":{"start":{"line":372,"column":20},"end":{"line":372,"column":37}},"152":{"start":{"line":374,"column":2},"end":{"line":376,"column":3}},"153":{"start":{"line":375,"column":4},"end":{"line":375,"column":83}},"154":{"start":{"line":377,"column":2},"end":{"line":377,"column":73}},"155":{"start":{"line":377,"column":34},"end":{"line":377,"column":73}},"156":{"start":{"line":378,"column":2},"end":{"line":378,"column":71}},"157":{"start":{"line":378,"column":32},"end":{"line":378,"column":71}},"158":{"start":{"line":379,"column":2},"end":{"line":379,"column":65}},"159":{"start":{"line":379,"column":30},"end":{"line":379,"column":65}},"160":{"start":{"line":380,"column":2},"end":{"line":380,"column":56}},"161":{"start":{"line":380,"column":26},"end":{"line":380,"column":56}},"162":{"start":{"line":381,"column":2},"end":{"line":381,"column":62}},"163":{"start":{"line":381,"column":29},"end":{"line":381,"column":62}},"164":{"start":{"line":382,"column":2},"end":{"line":382,"column":73}},"165":{"start":{"line":382,"column":33},"end":{"line":382,"column":73}},"166":{"start":{"line":383,"column":2},"end":{"line":383,"column":61}},"167":{"start":{"line":383,"column":28},"end":{"line":383,"column":61}},"168":{"start":{"line":384,"column":2},"end":{"line":384,"column":68}},"169":{"start":{"line":384,"column":28},"end":{"line":384,"column":68}},"170":{"start":{"line":386,"column":2},"end":{"line":386,"column":11}},"171":{"start":{"line":393,"column":18},"end":{"line":401,"column":1}},"172":{"start":{"line":394,"column":2},"end":{"line":394,"column":13}},"173":{"start":{"line":395,"column":2},"end":{"line":395,"column":34}},"174":{"start":{"line":397,"column":2},"end":{"line":400,"column":3}},"175":{"start":{"line":397,"column":15},"end":{"line":397,"column":16}},"176":{"start":{"line":398,"column":4},"end":{"line":398,"column":27}},"177":{"start":{"line":399,"column":4},"end":{"line":399,"column":42}},"178":{"start":{"line":407,"column":18},"end":{"line":421,"column":1}},"179":{"start":{"line":408,"column":2},"end":{"line":415,"column":3}},"180":{"start":{"line":408,"column":15},"end":{"line":408,"column":16}},"181":{"start":{"line":409,"column":4},"end":{"line":414,"column":5}},"182":{"start":{"line":410,"column":6},"end":{"line":410,"column":28}},"183":{"start":{"line":411,"column":6},"end":{"line":411,"column":44}},"184":{"start":{"line":413,"column":6},"end":{"line":413,"column":47}},"185":{"start":{"line":418,"column":2},"end":{"line":418,"column":43}},"186":{"start":{"line":420,"column":2},"end":{"line":420,"column":23}},"187":{"start":{"line":423,"column":0},"end":{"line":423,"column":31}},"188":{"start":{"line":429,"column":27},"end":{"line":508,"column":1}},"189":{"start":{"line":431,"column":23},"end":{"line":431,"column":52}},"190":{"start":{"line":434,"column":2},"end":{"line":434,"column":38}},"191":{"start":{"line":437,"column":29},"end":{"line":437,"column":58}},"192":{"start":{"line":438,"column":2},"end":{"line":438,"column":49}},"193":{"start":{"line":439,"column":2},"end":{"line":439,"column":63}},"194":{"start":{"line":440,"column":2},"end":{"line":440,"column":47}},"195":{"start":{"line":443,"column":25},"end":{"line":443,"column":54}},"196":{"start":{"line":444,"column":2},"end":{"line":444,"column":42}},"197":{"start":{"line":445,"column":2},"end":{"line":445,"column":50}},"198":{"start":{"line":446,"column":2},"end":{"line":446,"column":43}},"199":{"start":{"line":449,"column":22},"end":{"line":449,"column":51}},"200":{"start":{"line":450,"column":2},"end":{"line":450,"column":36}},"201":{"start":{"line":451,"column":2},"end":{"line":451,"column":40}},"202":{"start":{"line":452,"column":2},"end":{"line":452,"column":40}},"203":{"start":{"line":455,"column":23},"end":{"line":455,"column":52}},"204":{"start":{"line":456,"column":2},"end":{"line":456,"column":38}},"205":{"start":{"line":459,"column":2},"end":{"line":473,"column":3}},"206":{"start":{"line":459,"column":15},"end":{"line":459,"column":16}},"207":{"start":{"line":460,"column":17},"end":{"line":460,"column":46}},"208":{"start":{"line":461,"column":4},"end":{"line":461,"column":31}},"209":{"start":{"line":465,"column":4},"end":{"line":470,"column":7}},"210":{"start":{"line":469,"column":6},"end":{"line":469,"column":37}},"211":{"start":{"line":472,"column":4},"end":{"line":472,"column":35}},"212":{"start":{"line":475,"column":2},"end":{"line":475,"column":41}},"213":{"start":{"line":478,"column":25},"end":{"line":478,"column":54}},"214":{"start":{"line":479,"column":2},"end":{"line":479,"column":42}},"215":{"start":{"line":482,"column":27},"end":{"line":482,"column":59}},"216":{"start":{"line":483,"column":2},"end":{"line":483,"column":37}},"217":{"start":{"line":484,"column":2},"end":{"line":484,"column":43}},"218":{"start":{"line":485,"column":2},"end":{"line":488,"column":5}},"219":{"start":{"line":486,"column":4},"end":{"line":486,"column":22}},"220":{"start":{"line":487,"column":4},"end":{"line":487,"column":18}},"221":{"start":{"line":489,"column":2},"end":{"line":489,"column":47}},"222":{"start":{"line":492,"column":28},"end":{"line":492,"column":60}},"223":{"start":{"line":493,"column":2},"end":{"line":493,"column":39}},"224":{"start":{"line":494,"column":2},"end":{"line":494,"column":44}},"225":{"start":{"line":495,"column":2},"end":{"line":495,"column":86}},"226":{"start":{"line":495,"column":52},"end":{"line":495,"column":84}},"227":{"start":{"line":496,"column":2},"end":{"line":496,"column":48}},"228":{"start":{"line":499,"column":28},"end":{"line":499,"column":60}},"229":{"start":{"line":500,"column":2},"end":{"line":500,"column":39}},"230":{"start":{"line":501,"column":2},"end":{"line":501,"column":44}},"231":{"start":{"line":502,"column":2},"end":{"line":502,"column":86}},"232":{"start":{"line":502,"column":52},"end":{"line":502,"column":84}},"233":{"start":{"line":503,"column":2},"end":{"line":503,"column":48}},"234":{"start":{"line":505,"column":2},"end":{"line":505,"column":43}},"235":{"start":{"line":507,"column":2},"end":{"line":507,"column":22}},"236":{"start":{"line":513,"column":17},"end":{"line":516,"column":1}},"237":{"start":{"line":514,"column":18},"end":{"line":514,"column":43}},"238":{"start":{"line":515,"column":2},"end":{"line":515,"column":37}},"239":{"start":{"line":518,"column":0},"end":{"line":518,"column":11}}},"fnMap":{"0":{"name":"(anonymous_0)","decl":{"start":{"line":27,"column":23},"end":{"line":27,"column":24}},"loc":{"start":{"line":27,"column":53},"end":{"line":31,"column":1}},"line":27},"1":{"name":"(anonymous_1)","decl":{"start":{"line":39,"column":19},"end":{"line":39,"column":20}},"loc":{"start":{"line":39,"column":46},"end":{"line":54,"column":1}},"line":39},"2":{"name":"(anonymous_2)","decl":{"start":{"line":59,"column":22},"end":{"line":59,"column":23}},"loc":{"start":{"line":59,"column":33},"end":{"line":67,"column":1}},"line":59},"3":{"name":"(anonymous_3)","decl":{"start":{"line":73,"column":19},"end":{"line":73,"column":20}},"loc":{"start":{"line":73,"column":31},"end":{"line":77,"column":1}},"line":73},"4":{"name":"(anonymous_4)","decl":{"start":{"line":84,"column":17},"end":{"line":84,"column":18}},"loc":{"start":{"line":84,"column":34},"end":{"line":90,"column":1}},"line":84},"5":{"name":"(anonymous_5)","decl":{"start":{"line":96,"column":18},"end":{"line":96,"column":19}},"loc":{"start":{"line":96,"column":35},"end":{"line":98,"column":1}},"line":96},"6":{"name":"(anonymous_6)","decl":{"start":{"line":105,"column":23},"end":{"line":105,"column":24}},"loc":{"start":{"line":105,"column":32},"end":{"line":105,"column":63}},"line":105},"7":{"name":"(anonymous_7)","decl":{"start":{"line":112,"column":21},"end":{"line":112,"column":22}},"loc":{"start":{"line":112,"column":32},"end":{"line":129,"column":1}},"line":112},"8":{"name":"(anonymous_8)","decl":{"start":{"line":135,"column":25},"end":{"line":135,"column":26}},"loc":{"start":{"line":135,"column":46},"end":{"line":144,"column":1}},"line":135},"9":{"name":"(anonymous_9)","decl":{"start":{"line":150,"column":17},"end":{"line":150,"column":18}},"loc":{"start":{"line":150,"column":23},"end":{"line":209,"column":1}},"line":150},"10":{"name":"(anonymous_10)","decl":{"start":{"line":216,"column":19},"end":{"line":216,"column":20}},"loc":{"start":{"line":216,"column":30},"end":{"line":244,"column":1}},"line":216},"11":{"name":"(anonymous_11)","decl":{"start":{"line":251,"column":18},"end":{"line":251,"column":19}},"loc":{"start":{"line":251,"column":33},"end":{"line":262,"column":1}},"line":251},"12":{"name":"(anonymous_12)","decl":{"start":{"line":269,"column":18},"end":{"line":269,"column":19}},"loc":{"start":{"line":269,"column":33},"end":{"line":275,"column":1}},"line":269},"13":{"name":"(anonymous_13)","decl":{"start":{"line":282,"column":23},"end":{"line":282,"column":24}},"loc":{"start":{"line":282,"column":38},"end":{"line":286,"column":1}},"line":282},"14":{"name":"(anonymous_14)","decl":{"start":{"line":293,"column":16},"end":{"line":293,"column":17}},"loc":{"start":{"line":293,"column":32},"end":{"line":293,"column":73}},"line":293},"15":{"name":"(anonymous_15)","decl":{"start":{"line":300,"column":19},"end":{"line":300,"column":20}},"loc":{"start":{"line":300,"column":34},"end":{"line":316,"column":1}},"line":300},"16":{"name":"(anonymous_16)","decl":{"start":{"line":305,"column":39},"end":{"line":305,"column":40}},"loc":{"start":{"line":305,"column":49},"end":{"line":305,"column":54}},"line":305},"17":{"name":"(anonymous_17)","decl":{"start":{"line":323,"column":20},"end":{"line":323,"column":21}},"loc":{"start":{"line":323,"column":35},"end":{"line":327,"column":1}},"line":323},"18":{"name":"(anonymous_18)","decl":{"start":{"line":334,"column":22},"end":{"line":334,"column":23}},"loc":{"start":{"line":334,"column":37},"end":{"line":338,"column":1}},"line":334},"19":{"name":"(anonymous_19)","decl":{"start":{"line":345,"column":24},"end":{"line":345,"column":25}},"loc":{"start":{"line":345,"column":39},"end":{"line":345,"column":82}},"line":345},"20":{"name":"(anonymous_20)","decl":{"start":{"line":352,"column":21},"end":{"line":352,"column":22}},"loc":{"start":{"line":352,"column":36},"end":{"line":363,"column":1}},"line":352},"21":{"name":"(anonymous_21)","decl":{"start":{"line":371,"column":22},"end":{"line":371,"column":23}},"loc":{"start":{"line":371,"column":42},"end":{"line":387,"column":1}},"line":371},"22":{"name":"(anonymous_22)","decl":{"start":{"line":393,"column":18},"end":{"line":393,"column":19}},"loc":{"start":{"line":393,"column":36},"end":{"line":401,"column":1}},"line":393},"23":{"name":"(anonymous_23)","decl":{"start":{"line":407,"column":18},"end":{"line":407,"column":19}},"loc":{"start":{"line":407,"column":36},"end":{"line":421,"column":1}},"line":407},"24":{"name":"(anonymous_24)","decl":{"start":{"line":429,"column":27},"end":{"line":429,"column":28}},"loc":{"start":{"line":429,"column":33},"end":{"line":508,"column":1}},"line":429},"25":{"name":"(anonymous_25)","decl":{"start":{"line":465,"column":35},"end":{"line":465,"column":36}},"loc":{"start":{"line":465,"column":46},"end":{"line":470,"column":5}},"line":465},"26":{"name":"(anonymous_26)","decl":{"start":{"line":485,"column":45},"end":{"line":485,"column":46}},"loc":{"start":{"line":485,"column":51},"end":{"line":488,"column":3}},"line":485},"27":{"name":"(anonymous_27)","decl":{"start":{"line":495,"column":46},"end":{"line":495,"column":47}},"loc":{"start":{"line":495,"column":52},"end":{"line":495,"column":84}},"line":495},"28":{"name":"(anonymous_28)","decl":{"start":{"line":502,"column":46},"end":{"line":502,"column":47}},"loc":{"start":{"line":502,"column":52},"end":{"line":502,"column":84}},"line":502},"29":{"name":"(anonymous_29)","decl":{"start":{"line":513,"column":17},"end":{"line":513,"column":18}},"loc":{"start":{"line":513,"column":23},"end":{"line":516,"column":1}},"line":513}},"branchMap":{"0":{"loc":{"start":{"line":27,"column":33},"end":{"line":27,"column":48}},"type":"default-arg","locations":[{"start":{"line":27,"column":41},"end":{"line":27,"column":48}}],"line":27},"1":{"loc":{"start":{"line":85,"column":2},"end":{"line":89,"column":3}},"type":"if","locations":[{"start":{"line":85,"column":2},"end":{"line":89,"column":3}},{"start":{"line":87,"column":9},"end":{"line":89,"column":3}}],"line":85},"2":{"loc":{"start":{"line":138,"column":4},"end":{"line":142,"column":5}},"type":"if","locations":[{"start":{"line":138,"column":4},"end":{"line":142,"column":5}},{"start":{"line":140,"column":11},"end":{"line":142,"column":5}}],"line":138},"3":{"loc":{"start":{"line":172,"column":6},"end":{"line":184,"column":7}},"type":"if","locations":[{"start":{"line":172,"column":6},"end":{"line":184,"column":7}},{"start":{"line":175,"column":13},"end":{"line":184,"column":7}}],"line":172},"4":{"loc":{"start":{"line":175,"column":13},"end":{"line":184,"column":7}},"type":"if","locations":[{"start":{"line":175,"column":13},"end":{"line":184,"column":7}},{"start":{"line":178,"column":13},"end":{"line":184,"column":7}}],"line":175},"5":{"loc":{"start":{"line":178,"column":13},"end":{"line":184,"column":7}},"type":"if","locations":[{"start":{"line":178,"column":13},"end":{"line":184,"column":7}},{"start":{"line":181,"column":13},"end":{"line":184,"column":7}}],"line":178},"6":{"loc":{"start":{"line":181,"column":13},"end":{"line":184,"column":7}},"type":"if","locations":[{"start":{"line":181,"column":13},"end":{"line":184,"column":7}},{"start":{},"end":{}}],"line":181},"7":{"loc":{"start":{"line":187,"column":6},"end":{"line":189,"column":7}},"type":"if","locations":[{"start":{"line":187,"column":6},"end":{"line":189,"column":7}},{"start":{},"end":{}}],"line":187},"8":{"loc":{"start":{"line":187,"column":10},"end":{"line":187,"column":78}},"type":"binary-expr","locations":[{"start":{"line":187,"column":11},"end":{"line":187,"column":40}},{"start":{"line":187,"column":46},"end":{"line":187,"column":77}}],"line":187},"9":{"loc":{"start":{"line":227,"column":4},"end":{"line":232,"column":5}},"type":"if","locations":[{"start":{"line":227,"column":4},"end":{"line":232,"column":5}},{"start":{"line":229,"column":11},"end":{"line":232,"column":5}}],"line":227},"10":{"loc":{"start":{"line":235,"column":4},"end":{"line":240,"column":5}},"type":"if","locations":[{"start":{"line":235,"column":4},"end":{"line":240,"column":5}},{"start":{"line":237,"column":11},"end":{"line":240,"column":5}}],"line":235},"11":{"loc":{"start":{"line":254,"column":2},"end":{"line":254,"column":42}},"type":"if","locations":[{"start":{"line":254,"column":2},"end":{"line":254,"column":42}},{"start":{},"end":{}}],"line":254},"12":{"loc":{"start":{"line":258,"column":4},"end":{"line":258,"column":83}},"type":"if","locations":[{"start":{"line":258,"column":4},"end":{"line":258,"column":83}},{"start":{},"end":{}}],"line":258},"13":{"loc":{"start":{"line":258,"column":8},"end":{"line":258,"column":69}},"type":"binary-expr","locations":[{"start":{"line":258,"column":9},"end":{"line":258,"column":36}},{"start":{"line":258,"column":43},"end":{"line":258,"column":53}},{"start":{"line":258,"column":58},"end":{"line":258,"column":68}}],"line":258},"14":{"loc":{"start":{"line":271,"column":9},"end":{"line":274,"column":86}},"type":"binary-expr","locations":[{"start":{"line":271,"column":10},"end":{"line":271,"column":31}},{"start":{"line":272,"column":8},"end":{"line":272,"column":42}},{"start":{"line":272,"column":48},"end":{"line":272,"column":82}},{"start":{"line":273,"column":9},"end":{"line":273,"column":43}},{"start":{"line":273,"column":49},"end":{"line":273,"column":83}},{"start":{"line":274,"column":9},"end":{"line":274,"column":43}},{"start":{"line":274,"column":49},"end":{"line":274,"column":83}}],"line":271},"15":{"loc":{"start":{"line":284,"column":9},"end":{"line":285,"column":85}},"type":"binary-expr","locations":[{"start":{"line":284,"column":10},"end":{"line":284,"column":31}},{"start":{"line":285,"column":9},"end":{"line":285,"column":43}},{"start":{"line":285,"column":49},"end":{"line":285,"column":83}}],"line":284},"16":{"loc":{"start":{"line":302,"column":2},"end":{"line":302,"column":42}},"type":"if","locations":[{"start":{"line":302,"column":2},"end":{"line":302,"column":42}},{"start":{},"end":{}}],"line":302},"17":{"loc":{"start":{"line":308,"column":2},"end":{"line":308,"column":84}},"type":"if","locations":[{"start":{"line":308,"column":2},"end":{"line":308,"column":84}},{"start":{},"end":{}}],"line":308},"18":{"loc":{"start":{"line":312,"column":4},"end":{"line":312,"column":60}},"type":"if","locations":[{"start":{"line":312,"column":4},"end":{"line":312,"column":60}},{"start":{},"end":{}}],"line":312},"19":{"loc":{"start":{"line":325,"column":9},"end":{"line":326,"column":85}},"type":"binary-expr","locations":[{"start":{"line":325,"column":10},"end":{"line":325,"column":31}},{"start":{"line":326,"column":9},"end":{"line":326,"column":43}},{"start":{"line":326,"column":49},"end":{"line":326,"column":83}}],"line":325},"20":{"loc":{"start":{"line":336,"column":9},"end":{"line":337,"column":85}},"type":"binary-expr","locations":[{"start":{"line":336,"column":10},"end":{"line":336,"column":31}},{"start":{"line":337,"column":9},"end":{"line":337,"column":43}},{"start":{"line":337,"column":49},"end":{"line":337,"column":83}}],"line":336},"21":{"loc":{"start":{"line":345,"column":39},"end":{"line":345,"column":82}},"type":"binary-expr","locations":[{"start":{"line":345,"column":39},"end":{"line":345,"column":60}},{"start":{"line":345,"column":64},"end":{"line":345,"column":82}}],"line":345},"22":{"loc":{"start":{"line":355,"column":2},"end":{"line":355,"column":48}},"type":"if","locations":[{"start":{"line":355,"column":2},"end":{"line":355,"column":48}},{"start":{},"end":{}}],"line":355},"23":{"loc":{"start":{"line":359,"column":4},"end":{"line":359,"column":50}},"type":"if","locations":[{"start":{"line":359,"column":4},"end":{"line":359,"column":50}},{"start":{},"end":{}}],"line":359},"24":{"loc":{"start":{"line":359,"column":8},"end":{"line":359,"column":35}},"type":"binary-expr","locations":[{"start":{"line":359,"column":9},"end":{"line":359,"column":18}},{"start":{"line":359,"column":24},"end":{"line":359,"column":34}}],"line":359},"25":{"loc":{"start":{"line":374,"column":2},"end":{"line":376,"column":3}},"type":"if","locations":[{"start":{"line":374,"column":2},"end":{"line":376,"column":3}},{"start":{},"end":{}}],"line":374},"26":{"loc":{"start":{"line":375,"column":33},"end":{"line":375,"column":81}},"type":"cond-expr","locations":[{"start":{"line":375,"column":57},"end":{"line":375,"column":71}},{"start":{"line":375,"column":74},"end":{"line":375,"column":81}}],"line":375},"27":{"loc":{"start":{"line":377,"column":2},"end":{"line":377,"column":73}},"type":"if","locations":[{"start":{"line":377,"column":2},"end":{"line":377,"column":73}},{"start":{},"end":{}}],"line":377},"28":{"loc":{"start":{"line":378,"column":2},"end":{"line":378,"column":71}},"type":"if","locations":[{"start":{"line":378,"column":2},"end":{"line":378,"column":71}},{"start":{},"end":{}}],"line":378},"29":{"loc":{"start":{"line":379,"column":2},"end":{"line":379,"column":65}},"type":"if","locations":[{"start":{"line":379,"column":2},"end":{"line":379,"column":65}},{"start":{},"end":{}}],"line":379},"30":{"loc":{"start":{"line":380,"column":2},"end":{"line":380,"column":56}},"type":"if","locations":[{"start":{"line":380,"column":2},"end":{"line":380,"column":56}},{"start":{},"end":{}}],"line":380},"31":{"loc":{"start":{"line":381,"column":2},"end":{"line":381,"column":62}},"type":"if","locations":[{"start":{"line":381,"column":2},"end":{"line":381,"column":62}},{"start":{},"end":{}}],"line":381},"32":{"loc":{"start":{"line":382,"column":2},"end":{"line":382,"column":73}},"type":"if","locations":[{"start":{"line":382,"column":2},"end":{"line":382,"column":73}},{"start":{},"end":{}}],"line":382},"33":{"loc":{"start":{"line":383,"column":2},"end":{"line":383,"column":61}},"type":"if","locations":[{"start":{"line":383,"column":2},"end":{"line":383,"column":61}},{"start":{},"end":{}}],"line":383},"34":{"loc":{"start":{"line":384,"column":2},"end":{"line":384,"column":68}},"type":"if","locations":[{"start":{"line":384,"column":2},"end":{"line":384,"column":68}},{"start":{},"end":{}}],"line":384},"35":{"loc":{"start":{"line":409,"column":4},"end":{"line":414,"column":5}},"type":"if","locations":[{"start":{"line":409,"column":4},"end":{"line":414,"column":5}},{"start":{"line":412,"column":11},"end":{"line":414,"column":5}}],"line":409}},"s":{"0":1,"1":1,"2":1,"3":1,"4":1,"5":1,"6":1,"7":1,"8":0,"9":0,"10":0,"11":1,"12":0,"13":0,"14":0,"15":0,"16":0,"17":0,"18":0,"19":0,"20":0,"21":0,"22":1,"23":0,"24":0,"25":0,"26":0,"27":0,"28":0,"29":1,"30":0,"31":0,"32":0,"33":1,"34":0,"35":0,"36":0,"37":1,"38":0,"39":1,"40":0,"41":1,"42":0,"43":0,"44":0,"45":0,"46":0,"47":0,"48":0,"49":0,"50":0,"51":1,"52":0,"53":0,"54":0,"55":0,"56":0,"57":0,"58":1,"59":0,"60":0,"61":0,"62":0,"63":0,"64":0,"65":0,"66":0,"67":0,"68":0,"69":0,"70":0,"71":0,"72":0,"73":0,"74":0,"75":0,"76":0,"77":0,"78":0,"79":0,"80":0,"81":0,"82":0,"83":0,"84":0,"85":0,"86":0,"87":1,"88":15,"89":15,"90":15,"91":15,"92":70,"93":70,"94":70,"95":13,"96":57,"97":70,"98":36,"99":34,"100":15,"101":1,"102":4,"103":4,"104":1,"105":3,"106":3,"107":9,"108":9,"109":2,"110":1,"111":1,"112":5,"113":5,"114":1,"115":6,"116":6,"117":1,"118":18,"119":1,"120":36,"121":36,"122":22,"123":14,"124":56,"125":14,"126":5,"127":9,"128":9,"129":30,"130":4,"131":5,"132":1,"133":11,"134":11,"135":1,"136":12,"137":12,"138":1,"139":28,"140":1,"141":15,"142":15,"143":12,"144":3,"145":3,"146":11,"147":11,"148":1,"149":2,"150":1,"151":15,"152":15,"153":2,"154":13,"155":1,"156":12,"157":1,"158":11,"159":1,"160":10,"161":2,"162":8,"163":2,"164":6,"165":1,"166":5,"167":1,"168":4,"169":2,"170":2,"171":1,"172":0,"173":0,"174":0,"175":0,"176":0,"177":0,"178":1,"179":0,"180":0,"181":0,"182":0,"183":0,"184":0,"185":0,"186":0,"187":1,"188":1,"189":1,"190":1,"191":1,"192":1,"193":1,"194":1,"195":1,"196":1,"197":1,"198":1,"199":1,"200":1,"201":1,"202":1,"203":1,"204":1,"205":1,"206":1,"207":5,"208":5,"209":5,"210":0,"211":5,"212":1,"213":1,"214":1,"215":1,"216":1,"217":1,"218":1,"219":0,"220":0,"221":1,"222":1,"223":1,"224":1,"225":1,"226":0,"227":1,"228":1,"229":1,"230":1,"231":1,"232":0,"233":1,"234":1,"235":1,"236":1,"237":1,"238":1,"239":1},"f":{"0":0,"1":0,"2":0,"3":0,"4":0,"5":0,"6":0,"7":0,"8":0,"9":0,"10":15,"11":4,"12":5,"13":6,"14":18,"15":36,"16":56,"17":11,"18":12,"19":28,"20":15,"21":15,"22":0,"23":0,"24":1,"25":0,"26":0,"27":0,"28":0,"29":1},"b":{"0":[0],"1":[0,0],"2":[0,0],"3":[0,0],"4":[0,0],"5":[0,0],"6":[0,0],"7":[0,0],"8":[0,0],"9":[13,57],"10":[36,34],"11":[1,3],"12":[2,7],"13":[9,3,2],"14":[5,1,0,1,0,1,1],"15":[6,2,2],"16":[22,14],"17":[5,9],"18":[4,26],"19":[11,1,0],"20":[12,2,2],"21":[28,8],"22":[12,3],"23":[1,10],"24":[11,3],"25":[2,13],"26":[1,1],"27":[1,12],"28":[1,11],"29":[1,10],"30":[2,8],"31":[2,6],"32":[1,5],"33":[1,4],"34":[2,2],"35":[0,0]},"_coverageSchema":"1a1c01bbd47fc00a2c39e90264f33305004495a9","hash":"7c59efccd4a27be7b2c1169fa0844cf26ac03770"}
}
