TN:
SF:script.js
FN:27,(anonymous_0)
FN:39,(anonymous_1)
FN:59,(anonymous_2)
FN:73,(anonymous_3)
FN:84,(anonymous_4)
FN:96,(anonymous_5)
FN:105,(anonymous_6)
FN:112,(anonymous_7)
FN:135,(anonymous_8)
FN:150,(anonymous_9)
FN:216,(anonymous_10)
FN:251,(anonymous_11)
FN:269,(anonymous_12)
FN:282,(anonymous_13)
FN:293,(anonymous_14)
FN:300,(anonymous_15)
FN:305,(anonymous_16)
FN:323,(anonymous_17)
FN:334,(anonymous_18)
FN:345,(anonymous_19)
FN:352,(anonymous_20)
FN:371,(anonymous_21)
FN:393,(anonymous_22)
FN:407,(anonymous_23)
FN:429,(anonymous_24)
FN:465,(anonymous_25)
FN:485,(anonymous_26)
FN:495,(anonymous_27)
FN:502,(anonymous_28)
FN:513,(anonymous_29)
FNF:30
FNH:14
FNDA:0,(anonymous_0)
FNDA:0,(anonymous_1)
FNDA:0,(anonymous_2)
FNDA:0,(anonymous_3)
FNDA:0,(anonymous_4)
FNDA:0,(anonymous_5)
FNDA:0,(anonymous_6)
FNDA:0,(anonymous_7)
FNDA:0,(anonymous_8)
FNDA:0,(anonymous_9)
FNDA:15,(anonymous_10)
FNDA:4,(anonymous_11)
FNDA:5,(anonymous_12)
FNDA:6,(anonymous_13)
FNDA:18,(anonymous_14)
FNDA:36,(anonymous_15)
FNDA:56,(anonymous_16)
FNDA:11,(anonymous_17)
FNDA:12,(anonymous_18)
FNDA:28,(anonymous_19)
FNDA:15,(anonymous_20)
FNDA:15,(anonymous_21)
FNDA:0,(anonymous_22)
FNDA:0,(anonymous_23)
FNDA:1,(anonymous_24)
FNDA:0,(anonymous_25)
FNDA:0,(anonymous_26)
FNDA:0,(anonymous_27)
FNDA:0,(anonymous_28)
FNDA:1,(anonymous_29)
DA:1,1
DA:13,1
DA:15,1
DA:16,1
DA:18,1
DA:19,1
DA:20,1
DA:27,1
DA:28,0
DA:29,0
DA:30,0
DA:39,1
DA:40,0
DA:42,0
DA:43,0
DA:44,0
DA:46,0
DA:47,0
DA:48,0
DA:50,0
DA:51,0
DA:53,0
DA:59,1
DA:60,0
DA:61,0
DA:62,0
DA:63,0
DA:65,0
DA:66,0
DA:73,1
DA:74,0
DA:75,0
DA:76,0
DA:84,1
DA:85,0
DA:86,0
DA:88,0
DA:96,1
DA:97,0
DA:105,1
DA:112,1
DA:113,0
DA:116,0
DA:118,0
DA:120,0
DA:122,0
DA:124,0
DA:125,0
DA:128,0
DA:135,1
DA:136,0
DA:137,0
DA:138,0
DA:139,0
DA:141,0
DA:150,1
DA:152,0
DA:154,0
DA:156,0
DA:159,0
DA:161,0
DA:166,0
DA:168,0
DA:169,0
DA:172,0
DA:173,0
DA:174,0
DA:175,0
DA:176,0
DA:177,0
DA:178,0
DA:179,0
DA:180,0
DA:181,0
DA:182,0
DA:183,0
DA:186,0
DA:187,0
DA:188,0
DA:193,0
DA:203,0
DA:208,0
DA:216,1
DA:218,15
DA:219,15
DA:222,15
DA:223,70
DA:224,70
DA:227,70
DA:228,13
DA:231,57
DA:235,70
DA:236,36
DA:239,34
DA:243,15
DA:251,1
DA:252,4
DA:254,4
DA:256,3
DA:257,9
DA:258,9
DA:261,1
DA:269,1
DA:270,5
DA:271,5
DA:282,1
DA:283,6
DA:284,6
DA:293,18
DA:300,1
DA:301,36
DA:302,36
DA:305,56
DA:308,14
DA:310,9
DA:312,30
DA:315,5
DA:323,1
DA:324,11
DA:325,11
DA:334,1
DA:335,12
DA:336,12
DA:345,28
DA:352,1
DA:353,15
DA:355,15
DA:357,3
DA:358,11
DA:359,11
DA:362,2
DA:371,1
DA:372,15
DA:374,15
DA:375,2
DA:377,13
DA:378,12
DA:379,11
DA:380,10
DA:381,8
DA:382,6
DA:383,5
DA:384,4
DA:386,2
DA:393,1
DA:394,0
DA:395,0
DA:397,0
DA:398,0
DA:399,0
DA:407,1
DA:408,0
DA:409,0
DA:410,0
DA:411,0
DA:413,0
DA:418,0
DA:420,0
DA:423,1
DA:429,1
DA:431,1
DA:434,1
DA:437,1
DA:438,1
DA:439,1
DA:440,1
DA:443,1
DA:444,1
DA:445,1
DA:446,1
DA:449,1
DA:450,1
DA:451,1
DA:452,1
DA:455,1
DA:456,1
DA:459,1
DA:460,5
DA:461,5
DA:465,5
DA:469,0
DA:472,5
DA:475,1
DA:478,1
DA:479,1
DA:482,1
DA:483,1
DA:484,1
DA:485,1
DA:486,0
DA:487,0
DA:489,1
DA:492,1
DA:493,1
DA:494,1
DA:495,1
DA:496,1
DA:499,1
DA:500,1
DA:501,1
DA:502,1
DA:503,1
DA:505,1
DA:507,1
DA:513,1
DA:514,1
DA:515,1
DA:518,1
LF:208
LH:128
BRDA:27,0,0,0
BRDA:85,1,0,0
BRDA:85,1,1,0
BRDA:138,2,0,0
BRDA:138,2,1,0
BRDA:172,3,0,0
BRDA:172,3,1,0
BRDA:175,4,0,0
BRDA:175,4,1,0
BRDA:178,5,0,0
BRDA:178,5,1,0
BRDA:181,6,0,0
BRDA:181,6,1,0
BRDA:187,7,0,0
BRDA:187,7,1,0
BRDA:187,8,0,0
BRDA:187,8,1,0
BRDA:227,9,0,13
BRDA:227,9,1,57
BRDA:235,10,0,36
BRDA:235,10,1,34
BRDA:254,11,0,1
BRDA:254,11,1,3
BRDA:258,12,0,2
BRDA:258,12,1,7
BRDA:258,13,0,9
BRDA:258,13,1,3
BRDA:258,13,2,2
BRDA:271,14,0,5
BRDA:271,14,1,1
BRDA:271,14,2,0
BRDA:271,14,3,1
BRDA:271,14,4,0
BRDA:271,14,5,1
BRDA:271,14,6,1
BRDA:284,15,0,6
BRDA:284,15,1,2
BRDA:284,15,2,2
BRDA:302,16,0,22
BRDA:302,16,1,14
BRDA:308,17,0,5
BRDA:308,17,1,9
BRDA:312,18,0,4
BRDA:312,18,1,26
BRDA:325,19,0,11
BRDA:325,19,1,1
BRDA:325,19,2,0
BRDA:336,20,0,12
BRDA:336,20,1,2
BRDA:336,20,2,2
BRDA:345,21,0,28
BRDA:345,21,1,8
BRDA:355,22,0,12
BRDA:355,22,1,3
BRDA:359,23,0,1
BRDA:359,23,1,10
BRDA:359,24,0,11
BRDA:359,24,1,3
BRDA:374,25,0,2
BRDA:374,25,1,13
BRDA:375,26,0,1
BRDA:375,26,1,1
BRDA:377,27,0,1
BRDA:377,27,1,12
BRDA:378,28,0,1
BRDA:378,28,1,11
BRDA:379,29,0,1
BRDA:379,29,1,10
BRDA:380,30,0,2
BRDA:380,30,1,8
BRDA:381,31,0,2
BRDA:381,31,1,6
BRDA:382,32,0,1
BRDA:382,32,1,5
BRDA:383,33,0,1
BRDA:383,33,1,4
BRDA:384,34,0,2
BRDA:384,34,1,2
BRDA:409,35,0,0
BRDA:409,35,1,0
BRF:80
BRH:58
end_of_record
