TN:
SF:script.js
FN:15,(anonymous_0)
FN:27,(anonymous_1)
FN:47,(anonymous_2)
FN:61,(anonymous_3)
FN:72,(anonymous_4)
FN:84,(anonymous_5)
FN:93,(anonymous_6)
FN:100,(anonymous_7)
FN:123,(anonymous_8)
FN:138,(anonymous_9)
FN:204,(anonymous_10)
FN:239,(anonymous_11)
FN:253,(anonymous_12)
FN:266,(anonymous_13)
FN:277,(anonymous_14)
FN:284,(anonymous_15)
FN:288,(anonymous_16)
FN:301,(anonymous_17)
FN:312,(anonymous_18)
FN:323,(anonymous_19)
FN:330,(anonymous_20)
FN:346,(anonymous_21)
FN:368,(anonymous_22)
FN:382,(anonymous_23)
FN:404,(anonymous_24)
FN:440,(anonymous_25)
FN:460,(anonymous_26)
FN:470,(anonymous_27)
FN:477,(anonymous_28)
FN:488,(anonymous_29)
FNF:30
FNH:13
FNDA:0,(anonymous_0)
FNDA:0,(anonymous_1)
FNDA:0,(anonymous_2)
FNDA:0,(anonymous_3)
FNDA:0,(anonymous_4)
FNDA:0,(anonymous_5)
FNDA:0,(anonymous_6)
FNDA:0,(anonymous_7)
FNDA:0,(anonymous_8)
FNDA:0,(anonymous_9)
FNDA:3,(anonymous_10)
FNDA:3,(anonymous_11)
FNDA:3,(anonymous_12)
FNDA:3,(anonymous_13)
FNDA:3,(anonymous_14)
FNDA:9,(anonymous_15)
FNDA:0,(anonymous_16)
FNDA:3,(anonymous_17)
FNDA:3,(anonymous_18)
FNDA:6,(anonymous_19)
FNDA:3,(anonymous_20)
FNDA:3,(anonymous_21)
FNDA:0,(anonymous_22)
FNDA:0,(anonymous_23)
FNDA:1,(anonymous_24)
FNDA:0,(anonymous_25)
FNDA:0,(anonymous_26)
FNDA:0,(anonymous_27)
FNDA:0,(anonymous_28)
FNDA:1,(anonymous_29)
DA:1,1
DA:3,1
DA:4,1
DA:6,1
DA:7,1
DA:8,1
DA:15,1
DA:16,0
DA:17,0
DA:18,0
DA:27,1
DA:28,0
DA:30,0
DA:31,0
DA:32,0
DA:34,0
DA:35,0
DA:36,0
DA:38,0
DA:39,0
DA:41,0
DA:47,1
DA:48,0
DA:49,0
DA:50,0
DA:51,0
DA:53,0
DA:54,0
DA:61,1
DA:62,0
DA:63,0
DA:64,0
DA:72,1
DA:73,0
DA:74,0
DA:76,0
DA:84,1
DA:85,0
DA:93,1
DA:100,1
DA:101,0
DA:104,0
DA:106,0
DA:108,0
DA:110,0
DA:112,0
DA:113,0
DA:116,0
DA:123,1
DA:124,0
DA:125,0
DA:126,0
DA:127,0
DA:129,0
DA:138,1
DA:140,0
DA:142,0
DA:144,0
DA:147,0
DA:149,0
DA:154,0
DA:156,0
DA:157,0
DA:160,0
DA:161,0
DA:162,0
DA:163,0
DA:164,0
DA:165,0
DA:166,0
DA:167,0
DA:168,0
DA:169,0
DA:170,0
DA:171,0
DA:174,0
DA:175,0
DA:176,0
DA:181,0
DA:191,0
DA:196,0
DA:204,1
DA:206,3
DA:207,3
DA:210,3
DA:211,10
DA:212,10
DA:215,10
DA:216,2
DA:219,8
DA:223,10
DA:224,4
DA:227,6
DA:231,3
DA:239,1
DA:240,3
DA:241,3
DA:253,1
DA:254,3
DA:255,3
DA:266,1
DA:267,3
DA:268,3
DA:277,3
DA:284,1
DA:285,9
DA:286,9
DA:288,0
DA:289,0
DA:290,0
DA:293,0
DA:301,1
DA:302,3
DA:303,3
DA:312,1
DA:313,3
DA:314,3
DA:323,6
DA:330,1
DA:331,3
DA:332,3
DA:346,1
DA:347,3
DA:349,3
DA:350,0
DA:352,3
DA:353,3
DA:354,3
DA:355,3
DA:356,3
DA:357,3
DA:358,3
DA:359,3
DA:361,2
DA:368,1
DA:369,0
DA:370,0
DA:372,0
DA:373,0
DA:374,0
DA:382,1
DA:383,0
DA:384,0
DA:385,0
DA:386,0
DA:388,0
DA:393,0
DA:395,0
DA:398,1
DA:404,1
DA:406,1
DA:409,1
DA:412,1
DA:413,1
DA:414,1
DA:415,1
DA:418,1
DA:419,1
DA:420,1
DA:421,1
DA:424,1
DA:425,1
DA:426,1
DA:427,1
DA:430,1
DA:431,1
DA:434,1
DA:435,5
DA:436,5
DA:440,5
DA:444,0
DA:447,5
DA:450,1
DA:453,1
DA:454,1
DA:457,1
DA:458,1
DA:459,1
DA:460,1
DA:461,0
DA:462,0
DA:464,1
DA:467,1
DA:468,1
DA:469,1
DA:470,1
DA:471,1
DA:474,1
DA:475,1
DA:476,1
DA:477,1
DA:478,1
DA:480,1
DA:482,1
DA:488,1
DA:489,1
DA:490,1
DA:493,1
LF:198
LH:113
BRDA:15,0,0,0
BRDA:73,1,0,0
BRDA:73,1,1,0
BRDA:126,2,0,0
BRDA:126,2,1,0
BRDA:160,3,0,0
BRDA:160,3,1,0
BRDA:163,4,0,0
BRDA:163,4,1,0
BRDA:166,5,0,0
BRDA:166,5,1,0
BRDA:169,6,0,0
BRDA:169,6,1,0
BRDA:175,7,0,0
BRDA:175,7,1,0
BRDA:175,8,0,0
BRDA:175,8,1,0
BRDA:215,9,0,2
BRDA:215,9,1,8
BRDA:223,10,0,4
BRDA:223,10,1,6
BRDA:241,11,0,3
BRDA:241,11,1,2
BRDA:241,11,2,1
BRDA:241,11,3,1
BRDA:241,11,4,2
BRDA:241,11,5,0
BRDA:241,11,6,0
BRDA:241,11,7,2
BRDA:241,11,8,0
BRDA:241,11,9,0
BRDA:241,11,10,2
BRDA:241,11,11,1
BRDA:241,11,12,0
BRDA:255,12,0,3
BRDA:255,12,1,0
BRDA:255,12,2,0
BRDA:255,12,3,0
BRDA:255,12,4,0
BRDA:255,12,5,0
BRDA:255,12,6,0
BRDA:268,13,0,3
BRDA:268,13,1,0
BRDA:268,13,2,0
BRDA:286,14,0,9
BRDA:286,14,1,0
BRDA:290,15,0,0
BRDA:290,15,1,0
BRDA:303,16,0,3
BRDA:303,16,1,0
BRDA:303,16,2,0
BRDA:314,17,0,3
BRDA:314,17,1,0
BRDA:314,17,2,0
BRDA:323,18,0,6
BRDA:323,18,1,0
BRDA:332,19,0,3
BRDA:332,19,1,0
BRDA:332,19,2,0
BRDA:332,19,3,0
BRDA:332,19,4,0
BRDA:332,19,5,0
BRDA:332,19,6,0
BRDA:332,19,7,0
BRDA:332,19,8,0
BRDA:332,19,9,0
BRDA:332,19,10,0
BRDA:349,20,0,0
BRDA:349,20,1,3
BRDA:350,21,0,0
BRDA:350,21,1,0
BRDA:352,22,0,0
BRDA:352,22,1,3
BRDA:353,23,0,0
BRDA:353,23,1,3
BRDA:354,24,0,0
BRDA:354,24,1,3
BRDA:355,25,0,0
BRDA:355,25,1,3
BRDA:356,26,0,0
BRDA:356,26,1,3
BRDA:357,27,0,0
BRDA:357,27,1,3
BRDA:358,28,0,0
BRDA:358,28,1,3
BRDA:359,29,0,1
BRDA:359,29,1,2
BRDA:384,30,0,0
BRDA:384,30,1,0
BRF:89
BRH:29
end_of_record
